  [1m[35m (6428.3ms)[0m  [1m[35mCREATE DATABASE "hello_rails_react_development" ENCODING = 'unicode'[0m
  [1m[35m (1372.0ms)[0m  [1m[35mCREATE DATABASE "hello_rails_react_test" ENCODING = 'unicode'[0m
  [1m[35m (329.5ms)[0m  [1m[35mCREATE TABLE "schema_migrations" ("version" character varying NOT NULL PRIMARY KEY)[0m
  [1m[35m (132.2ms)[0m  [1m[35mCREATE TABLE "ar_internal_metadata" ("key" character varying NOT NULL PRIMARY KEY, "value" character varying, "created_at" timestamp(6) NOT NULL, "updated_at" timestamp(6) NOT NULL)[0m
  [1m[35m (0.8ms)[0m  [1m[34mSELECT pg_try_advisory_lock(6835469566630085430)[0m
  [1m[36mActiveRecord::SchemaMigration Load (55.2ms)[0m  [1m[34mSELECT "schema_migrations"."version" FROM "schema_migrations" ORDER BY "schema_migrations"."version" ASC[0m
  [1m[36mActiveRecord::InternalMetadata Load (66.3ms)[0m  [1m[34mSELECT * FROM "ar_internal_metadata" WHERE "ar_internal_metadata"."key" = $1 ORDER BY "ar_internal_metadata"."key" ASC LIMIT 1[0m  [[nil, "environment"]]
  [1m[36mActiveRecord::InternalMetadata Create (68.4ms)[0m  [1m[32mINSERT INTO "ar_internal_metadata" ("key", "value", "created_at", "updated_at") VALUES ('environment', 'development', '2023-11-07 15:15:34.975559', '2023-11-07 15:15:34.975565') RETURNING "key"[0m
Migrating to CreateGreetings (20231107145202)
  [1m[36mTRANSACTION (0.3ms)[0m  [1m[35mBEGIN[0m
  [1m[35m (165.1ms)[0m  [1m[35mCREATE TABLE "greetings" ("id" bigserial primary key, "message" character varying, "created_at" timestamp(6) NOT NULL, "updated_at" timestamp(6) NOT NULL)[0m
  [1m[36mActiveRecord::SchemaMigration Create (1.9ms)[0m  [1m[32mINSERT INTO "schema_migrations" ("version") VALUES ('20231107145202') RETURNING "version"[0m
  [1m[36mTRANSACTION (1.3ms)[0m  [1m[35mCOMMIT[0m
  [1m[35m (1.3ms)[0m  [1m[34mSELECT pg_advisory_unlock(6835469566630085430)[0m
  [1m[36mActiveRecord::SchemaMigration Load (1.0ms)[0m  [1m[34mSELECT "schema_migrations"."version" FROM "schema_migrations" ORDER BY "schema_migrations"."version" ASC[0m
  [1m[36mActiveRecord::SchemaMigration Load (4.4ms)[0m  [1m[34mSELECT "schema_migrations"."version" FROM "schema_migrations" ORDER BY "schema_migrations"."version" ASC[0m
  [1m[36mActiveRecord::SchemaMigration Load (4.5ms)[0m  [1m[34mSELECT "schema_migrations"."version" FROM "schema_migrations" ORDER BY "schema_migrations"."version" ASC[0m
  [1m[36mActiveRecord::SchemaMigration Load (4.6ms)[0m  [1m[34mSELECT "schema_migrations"."version" FROM "schema_migrations" ORDER BY "schema_migrations"."version" ASC[0m
  [1m[36mTRANSACTION (0.3ms)[0m  [1m[35mBEGIN[0m
  [1m[36mGreeting Create (6.4ms)[0m  [1m[32mINSERT INTO "greetings" ("message", "created_at", "updated_at") VALUES ($1, $2, $3) RETURNING "id"[0m  [["message", "Hello, World!"], ["created_at", "2023-11-07 15:21:30.809725"], ["updated_at", "2023-11-07 15:21:30.809725"]]
  [1m[36mTRANSACTION (1.6ms)[0m  [1m[35mCOMMIT[0m
  [1m[36mTRANSACTION (0.4ms)[0m  [1m[35mBEGIN[0m
  [1m[36mGreeting Create (4.4ms)[0m  [1m[32mINSERT INTO "greetings" ("message", "created_at", "updated_at") VALUES ($1, $2, $3) RETURNING "id"[0m  [["message", "Hi there!"], ["created_at", "2023-11-07 15:21:30.866915"], ["updated_at", "2023-11-07 15:21:30.866915"]]
  [1m[36mTRANSACTION (1.2ms)[0m  [1m[35mCOMMIT[0m
  [1m[36mTRANSACTION (0.2ms)[0m  [1m[35mBEGIN[0m
  [1m[36mGreeting Create (4.1ms)[0m  [1m[32mINSERT INTO "greetings" ("message", "created_at", "updated_at") VALUES ($1, $2, $3) RETURNING "id"[0m  [["message", "Greetings!"], ["created_at", "2023-11-07 15:21:30.879832"], ["updated_at", "2023-11-07 15:21:30.879832"]]
  [1m[36mTRANSACTION (0.9ms)[0m  [1m[35mCOMMIT[0m
  [1m[36mTRANSACTION (0.5ms)[0m  [1m[35mBEGIN[0m
  [1m[36mGreeting Create (5.6ms)[0m  [1m[32mINSERT INTO "greetings" ("message", "created_at", "updated_at") VALUES ($1, $2, $3) RETURNING "id"[0m  [["message", "Welcome!"], ["created_at", "2023-11-07 15:21:30.894321"], ["updated_at", "2023-11-07 15:21:30.894321"]]
  [1m[36mTRANSACTION (0.9ms)[0m  [1m[35mCOMMIT[0m
  [1m[36mTRANSACTION (0.2ms)[0m  [1m[35mBEGIN[0m
  [1m[36mGreeting Create (3.2ms)[0m  [1m[32mINSERT INTO "greetings" ("message", "created_at", "updated_at") VALUES ($1, $2, $3) RETURNING "id"[0m  [["message", "Good day!"], ["created_at", "2023-11-07 15:21:30.911034"], ["updated_at", "2023-11-07 15:21:30.911034"]]
  [1m[36mTRANSACTION (0.8ms)[0m  [1m[35mCOMMIT[0m
Started GET "/" for 127.0.0.1 at 2023-11-08 00:47:42 +0900
  [1m[36mActiveRecord::SchemaMigration Load (31.9ms)[0m  [1m[34mSELECT "schema_migrations"."version" FROM "schema_migrations" ORDER BY "schema_migrations"."version" ASC[0m
Processing by GreetingsController#index as HTML
  Rendering layout layouts/application.html.erb
  Rendering greetings/index.html.erb within layouts/application
  Rendered greetings/index.html.erb within layouts/application (Duration: 1.5ms | Allocations: 185)
  Rendered layout layouts/application.html.erb (Duration: 2928.1ms | Allocations: 80137)
Completed 500 Internal Server Error in 4110ms (ActiveRecord: 0.0ms | Allocations: 88635)


  
ActionView::Template::Error (Permission denied @ rb_file_s_rename - (E:/MicroverseWorkspace/Capstone Project/hello-rails-react/tmp/cache/assets/sprockets/v4.0.0/el/elwn1ZALn9DvzGVoal-sQdeLOKIBM2zmgrDPoQS961Q.cache.21800.4648.980215, E:/MicroverseWorkspace/Capstone Project/hello-rails-react/tmp/cache/assets/sprockets/v4.0.0/el/elwn1ZALn9DvzGVoal-sQdeLOKIBM2zmgrDPoQS961Q.cache)):
  
sprockets (4.2.1) lib/sprockets/path_utils.rb:362:in `rename'
sprockets (4.2.1) lib/sprockets/path_utils.rb:362:in `atomic_write'
sprockets (4.2.1) lib/sprockets/cache/file_store.rb:112:in `set'
sprockets (4.2.1) lib/sprockets/cache.rb:227:in `set'
sprockets (4.2.1) lib/sprockets/cache.rb:143:in `set'
sprockets (4.2.1) lib/sprockets/loader.rb:268:in `store_asset'
sprockets (4.2.1) lib/sprockets/loader.rb:228:in `load_from_unloaded'
sprockets (4.2.1) lib/sprockets/loader.rb:59:in `block in load'
sprockets (4.2.1) lib/sprockets/loader.rb:339:in `fetch_asset_from_dependency_cache'
sprockets (4.2.1) lib/sprockets/loader.rb:43:in `load'
sprockets (4.2.1) lib/sprockets/cached_environment.rb:44:in `block in load'
concurrent-ruby (1.2.2) lib/concurrent-ruby/concurrent/map.rb:207:in `block in fetch_or_store'
concurrent-ruby (1.2.2) lib/concurrent-ruby/concurrent/map.rb:187:in `fetch'
concurrent-ruby (1.2.2) lib/concurrent-ruby/concurrent/map.rb:206:in `fetch_or_store'
sprockets (4.2.1) lib/sprockets/cached_environment.rb:44:in `load'
sprockets (4.2.1) lib/sprockets/bundle.rb:32:in `block in call'
C:/Ruby32-x64/lib/ruby/3.2.0/set.rb:511:in `each_key'
C:/Ruby32-x64/lib/ruby/3.2.0/set.rb:511:in `each'
sprockets (4.2.1) lib/sprockets/bundle.rb:31:in `call'
sprockets (4.2.1) lib/sprockets/processor_utils.rb:84:in `call_processor'
sprockets (4.2.1) lib/sprockets/processor_utils.rb:66:in `block in call_processors'
sprockets (4.2.1) lib/sprockets/processor_utils.rb:65:in `reverse_each'
sprockets (4.2.1) lib/sprockets/processor_utils.rb:65:in `call_processors'
sprockets (4.2.1) lib/sprockets/loader.rb:184:in `load_from_unloaded'
sprockets (4.2.1) lib/sprockets/loader.rb:59:in `block in load'
sprockets (4.2.1) lib/sprockets/loader.rb:339:in `fetch_asset_from_dependency_cache'
sprockets (4.2.1) lib/sprockets/loader.rb:43:in `load'
sprockets (4.2.1) lib/sprockets/cached_environment.rb:44:in `block in load'
concurrent-ruby (1.2.2) lib/concurrent-ruby/concurrent/map.rb:207:in `block in fetch_or_store'
concurrent-ruby (1.2.2) lib/concurrent-ruby/concurrent/map.rb:187:in `fetch'
concurrent-ruby (1.2.2) lib/concurrent-ruby/concurrent/map.rb:206:in `fetch_or_store'
sprockets (4.2.1) lib/sprockets/cached_environment.rb:44:in `load'
sprockets (4.2.1) lib/sprockets/base.rb:81:in `find_asset'
sprockets (4.2.1) lib/sprockets/base.rb:88:in `find_all_linked_assets'
sprockets (4.2.1) lib/sprockets/manifest.rb:125:in `each'
sprockets (4.2.1) lib/sprockets/manifest.rb:125:in `to_a'
sprockets (4.2.1) lib/sprockets/manifest.rb:125:in `block (2 levels) in find'
concurrent-ruby (1.2.2) lib/concurrent-ruby/concurrent/executor/safe_task_executor.rb:24:in `block in execute'
concurrent-ruby (1.2.2) lib/concurrent-ruby/concurrent/synchronization/mutex_lockable_object.rb:48:in `block in synchronize'
concurrent-ruby (1.2.2) lib/concurrent-ruby/concurrent/synchronization/mutex_lockable_object.rb:48:in `synchronize'
concurrent-ruby (1.2.2) lib/concurrent-ruby/concurrent/synchronization/mutex_lockable_object.rb:48:in `synchronize'
concurrent-ruby (1.2.2) lib/concurrent-ruby/concurrent/executor/safe_task_executor.rb:22:in `execute'
concurrent-ruby (1.2.2) lib/concurrent-ruby/concurrent/promise.rb:564:in `block in realize'
concurrent-ruby (1.2.2) lib/concurrent-ruby/concurrent/executor/ruby_thread_pool_executor.rb:352:in `run_task'
concurrent-ruby (1.2.2) lib/concurrent-ruby/concurrent/executor/ruby_thread_pool_executor.rb:343:in `block (3 levels) in create_worker'
concurrent-ruby (1.2.2) lib/concurrent-ruby/concurrent/executor/ruby_thread_pool_executor.rb:334:in `loop'
concurrent-ruby (1.2.2) lib/concurrent-ruby/concurrent/executor/ruby_thread_pool_executor.rb:334:in `block (2 levels) in create_worker'
concurrent-ruby (1.2.2) lib/concurrent-ruby/concurrent/executor/ruby_thread_pool_executor.rb:333:in `catch'
concurrent-ruby (1.2.2) lib/concurrent-ruby/concurrent/executor/ruby_thread_pool_executor.rb:333:in `block in create_worker'
Started GET "/" for 127.0.0.1 at 2023-11-08 00:49:12 +0900
Processing by GreetingsController#index as HTML
  [1m[36mGreeting Load (104.0ms)[0m  [1m[34mSELECT "greetings".* FROM "greetings" ORDER BY RANDOM() LIMIT $1[0m  [["LIMIT", 1]]
  ↳ app/controllers/greetings_controller.rb:3:in `index'
Completed 500 Internal Server Error in 772ms (ActiveRecord: 296.9ms | Allocations: 17304)


  
NoMethodError (undefined method `greeting' for #<Greeting id: 2, message: "Hi there!", created_at: "2023-11-07 15:21:30.866915000 +0000", updated_at: "2023-11-07 15:21:30.866915000 +0000">):
  
app/controllers/greetings_controller.rb:5:in `index'
Started GET "/" for 127.0.0.1 at 2023-11-08 00:49:41 +0900
Processing by GreetingsController#index as HTML
  [1m[36mGreeting Load (0.7ms)[0m  [1m[34mSELECT "greetings".* FROM "greetings" ORDER BY RANDOM() LIMIT $1[0m  [["LIMIT", 1]]
  ↳ app/controllers/greetings_controller.rb:3:in `index'
Completed 200 OK in 32ms (Views: 0.8ms | ActiveRecord: 11.2ms | Allocations: 3512)


Started GET "/" for 127.0.0.1 at 2023-11-08 00:49:58 +0900
Processing by GreetingsController#index as HTML
  [1m[36mGreeting Load (0.7ms)[0m  [1m[34mSELECT "greetings".* FROM "greetings" ORDER BY RANDOM() LIMIT $1[0m  [["LIMIT", 1]]
  ↳ app/controllers/greetings_controller.rb:3:in `index'
Completed 200 OK in 5ms (Views: 0.3ms | ActiveRecord: 0.7ms | Allocations: 567)


Started GET "/" for 127.0.0.1 at 2023-11-08 00:49:59 +0900
Processing by GreetingsController#index as HTML
  [1m[36mGreeting Load (0.6ms)[0m  [1m[34mSELECT "greetings".* FROM "greetings" ORDER BY RANDOM() LIMIT $1[0m  [["LIMIT", 1]]
  ↳ app/controllers/greetings_controller.rb:3:in `index'
Completed 200 OK in 4ms (Views: 0.2ms | ActiveRecord: 0.6ms | Allocations: 566)


Started GET "/" for 127.0.0.1 at 2023-11-08 00:50:00 +0900
Processing by GreetingsController#index as HTML
  [1m[36mGreeting Load (0.8ms)[0m  [1m[34mSELECT "greetings".* FROM "greetings" ORDER BY RANDOM() LIMIT $1[0m  [["LIMIT", 1]]
  ↳ app/controllers/greetings_controller.rb:3:in `index'
Completed 200 OK in 4ms (Views: 0.2ms | ActiveRecord: 0.7ms | Allocations: 550)


Started GET "/" for 127.0.0.1 at 2023-11-08 00:50:01 +0900
Processing by GreetingsController#index as HTML
  [1m[36mGreeting Load (0.6ms)[0m  [1m[34mSELECT "greetings".* FROM "greetings" ORDER BY RANDOM() LIMIT $1[0m  [["LIMIT", 1]]
  ↳ app/controllers/greetings_controller.rb:3:in `index'
Completed 200 OK in 3ms (Views: 0.2ms | ActiveRecord: 0.6ms | Allocations: 550)


Started GET "/" for 127.0.0.1 at 2023-11-08 00:50:03 +0900
Processing by GreetingsController#index as HTML
  [1m[36mGreeting Load (0.7ms)[0m  [1m[34mSELECT "greetings".* FROM "greetings" ORDER BY RANDOM() LIMIT $1[0m  [["LIMIT", 1]]
  ↳ app/controllers/greetings_controller.rb:3:in `index'
Completed 200 OK in 4ms (Views: 0.2ms | ActiveRecord: 0.7ms | Allocations: 556)


Started GET "/" for 127.0.0.1 at 2023-11-08 00:50:04 +0900
Processing by GreetingsController#index as HTML
  [1m[36mGreeting Load (0.8ms)[0m  [1m[34mSELECT "greetings".* FROM "greetings" ORDER BY RANDOM() LIMIT $1[0m  [["LIMIT", 1]]
  ↳ app/controllers/greetings_controller.rb:3:in `index'
Completed 200 OK in 6ms (Views: 0.2ms | ActiveRecord: 0.8ms | Allocations: 550)


Started GET "/" for 127.0.0.1 at 2023-11-08 00:59:07 +0900
Processing by GreetingsController#index as HTML
  [1m[36mGreeting Load (178.0ms)[0m  [1m[34mSELECT "greetings".* FROM "greetings" ORDER BY RANDOM() LIMIT $1[0m  [["LIMIT", 1]]
  ↳ app/controllers/greetings_controller.rb:3:in `index'
Completed 200 OK in 186ms (Views: 0.7ms | ActiveRecord: 195.5ms | Allocations: 3377)


Started GET "/" for 127.0.0.1 at 2023-11-08 00:59:11 +0900
Processing by GreetingsController#index as HTML
  [1m[36mGreeting Load (1.0ms)[0m  [1m[34mSELECT "greetings".* FROM "greetings" ORDER BY RANDOM() LIMIT $1[0m  [["LIMIT", 1]]
  ↳ app/controllers/greetings_controller.rb:3:in `index'
Completed 200 OK in 152ms (Views: 0.2ms | ActiveRecord: 0.9ms | Allocations: 550)


Started GET "/" for 127.0.0.1 at 2023-11-08 00:59:13 +0900
Processing by GreetingsController#index as HTML
  [1m[36mGreeting Load (0.6ms)[0m  [1m[34mSELECT "greetings".* FROM "greetings" ORDER BY RANDOM() LIMIT $1[0m  [["LIMIT", 1]]
  ↳ app/controllers/greetings_controller.rb:3:in `index'
Completed 200 OK in 4ms (Views: 0.2ms | ActiveRecord: 0.6ms | Allocations: 550)


Started GET "/" for 127.0.0.1 at 2023-11-08 00:59:14 +0900
Processing by GreetingsController#index as HTML
  [1m[36mGreeting Load (0.6ms)[0m  [1m[34mSELECT "greetings".* FROM "greetings" ORDER BY RANDOM() LIMIT $1[0m  [["LIMIT", 1]]
  ↳ app/controllers/greetings_controller.rb:3:in `index'
Completed 200 OK in 4ms (Views: 0.2ms | ActiveRecord: 0.6ms | Allocations: 550)


Started GET "/" for 127.0.0.1 at 2023-11-08 00:59:16 +0900
Processing by GreetingsController#index as HTML
  [1m[36mGreeting Load (0.6ms)[0m  [1m[34mSELECT "greetings".* FROM "greetings" ORDER BY RANDOM() LIMIT $1[0m  [["LIMIT", 1]]
  ↳ app/controllers/greetings_controller.rb:3:in `index'
Completed 200 OK in 4ms (Views: 0.2ms | ActiveRecord: 0.6ms | Allocations: 550)


Started GET "/" for 127.0.0.1 at 2023-11-08 00:59:19 +0900
Processing by GreetingsController#index as HTML
  [1m[36mGreeting Load (0.6ms)[0m  [1m[34mSELECT "greetings".* FROM "greetings" ORDER BY RANDOM() LIMIT $1[0m  [["LIMIT", 1]]
  ↳ app/controllers/greetings_controller.rb:3:in `index'
Completed 200 OK in 4ms (Views: 0.2ms | ActiveRecord: 0.6ms | Allocations: 550)


Started GET "/" for 127.0.0.1 at 2023-11-08 01:00:16 +0900
  [1m[36mActiveRecord::SchemaMigration Load (4.9ms)[0m  [1m[34mSELECT "schema_migrations"."version" FROM "schema_migrations" ORDER BY "schema_migrations"."version" ASC[0m
Processing by GreetingsController#index as HTML
  [1m[36mGreeting Load (2.4ms)[0m  [1m[34mSELECT "greetings".* FROM "greetings" ORDER BY RANDOM() LIMIT $1[0m  [["LIMIT", 1]]
  ↳ app/controllers/greetings_controller.rb:3:in `index'
Completed 200 OK in 359ms (Views: 0.4ms | ActiveRecord: 30.3ms | Allocations: 16204)


Started GET "/" for 127.0.0.1 at 2023-11-08 01:00:20 +0900
Processing by GreetingsController#index as HTML
  [1m[36mGreeting Load (0.7ms)[0m  [1m[34mSELECT "greetings".* FROM "greetings" ORDER BY RANDOM() LIMIT $1[0m  [["LIMIT", 1]]
  ↳ app/controllers/greetings_controller.rb:3:in `index'
Completed 200 OK in 5ms (Views: 0.9ms | ActiveRecord: 0.6ms | Allocations: 571)


